<?xml version="1.0" encoding="UTF-8"?>
<!-- Generated by org.testng.reporters.JUnitReportReporter -->
<testsuite hostname="DESKTOP-OSO70IA" failures="0" tests="1" name="basic.WorkingOnRadios" time="4.777" errors="0" timestamp="2024-01-11T13:46:21 IST" skipped="0">
  <testcase classname="basic.WorkingOnRadios" name="selectRadio" time="4.777"/>
  <system-out/>
</testsuite> <!-- basic.WorkingOnRadios -->
