<?xml version="1.0" encoding="UTF-8"?>
<!-- Generated by org.testng.reporters.JUnitReportReporter -->
<testsuite hostname="DESKTOP-OSO70IA" failures="0" tests="1" name="basic.WorkingOnCheckBoxes" time="0.184" errors="0" timestamp="2024-01-11T15:38:44 IST" skipped="0">
  <testcase classname="basic.WorkingOnCheckBoxes" name="selectCheckBox" time="0.184"/>
  <system-out/>
</testsuite> <!-- basic.WorkingOnCheckBoxes -->
