<?xml version="1.0" encoding="UTF-8"?>
<!-- Generated by org.testng.reporters.JUnitReportReporter -->
<testsuite hostname="DESKTOP-OSO70IA" failures="0" tests="3" name="basic.WorkingOnLinks" time="2.972" errors="0" timestamp="2024-01-11T12:02:58 IST" skipped="0">
  <testcase classname="basic.WorkingOnLinks" name="Gamil" time="1.835"/>
  <system-out/>
  <testcase classname="basic.WorkingOnLinks" name="verifyAllLinks" time="0.337"/>
  <system-out/>
  <testcase classname="basic.WorkingOnLinks" name="images" time="0.800"/>
  <system-out/>
</testsuite> <!-- basic.WorkingOnLinks -->
