<?xml version="1.0" encoding="UTF-8"?>
<!-- Generated by org.testng.reporters.JUnitReportReporter -->
<testsuite hostname="DESKTOP-OSO70IA" failures="0" tests="1" name="basic.LaunchBrowser" time="3.650" errors="0" timestamp="2024-01-11T10:35:21 IST" skipped="0">
  <testcase classname="basic.LaunchBrowser" name="launchChrome" time="3.650"/>
  <system-out/>
</testsuite> <!-- basic.LaunchBrowser -->
