<?xml version="1.0" encoding="UTF-8"?>
<!-- Generated by org.testng.reporters.JUnitReportReporter -->
<testsuite hostname="DESKTOP-OSO70IA" failures="0" tests="1" name="basic.WorkingOnTable" time="31.177" errors="0" timestamp="2024-01-11T15:18:58 IST" skipped="0">
  <testcase classname="basic.WorkingOnTable" name="verifyCellData" time="31.177"/>
  <system-out/>
</testsuite> <!-- basic.WorkingOnTable -->
