<?xml version="1.0" encoding="UTF-8"?>
<!-- Generated by org.testng.reporters.JUnitReportReporter -->
<testsuite hostname="DESKTOP-OSO70IA" failures="0" tests="1" name="basic.WorkingOnDynamicMenus" time="4.690" errors="0" timestamp="2024-01-11T14:45:24 IST" skipped="0">
  <testcase classname="basic.WorkingOnDynamicMenus" name="selectMenu" time="4.690"/>
  <system-out/>
</testsuite> <!-- basic.WorkingOnDynamicMenus -->
