<?xml version="1.0" encoding="UTF-8"?>
<!-- Generated by org.testng.reporters.JUnitReportReporter -->
<testsuite hostname="DESKTOP-OSO70IA" failures="0" tests="1" name="basic.WorkingOnDropDown" time="6.078" errors="0" timestamp="2024-01-11T15:01:25 IST" skipped="0">
  <testcase classname="basic.WorkingOnDropDown" name="multiSelect" time="6.078"/>
  <system-out/>
</testsuite> <!-- basic.WorkingOnDropDown -->
