<?xml version="1.0" encoding="UTF-8"?>
<!-- Generated by org.testng.reporters.JUnitReportReporter -->
<testsuite hostname="DESKTOP-OSO70IA" failures="0" tests="1" name="basic.LocateById" time="8.839" errors="0" timestamp="2024-01-11T10:58:29 IST" skipped="0">
  <testcase classname="basic.LocateById" name="locateById" time="8.839"/>
  <system-out/>
</testsuite> <!-- basic.LocateById -->
