<?xml version="1.0" encoding="UTF-8"?>
<!-- Generated by org.testng.reporters.JUnitReportReporter -->
<testsuite hostname="DESKTOP-OSO70IA" failures="0" tests="1" name="basic.WorkingOnCheckBoxes" time="0.174" errors="0" timestamp="2024-01-11T15:41:12 IST" skipped="0">
  <testcase classname="basic.WorkingOnCheckBoxes" name="selectCheckBox" time="0.174"/>
</testsuite> <!-- basic.WorkingOnCheckBoxes -->
